0 info it worked if it ends with ok
1 verbose cli [ 'node',
1 verbose cli   '/usr/local/bin/npm',
1 verbose cli   'install',
1 verbose cli   'child_process',
1 verbose cli   '--save' ]
2 info using npm@1.4.28
3 info using node@v0.10.35
4 warn package.json fs@0.0.2 fs is also the name of a node core module.
5 warn package.json fs@0.0.2 No description
6 warn package.json fs@0.0.2 No repository field.
7 warn package.json fs@0.0.2 No README data
8 verbose cache add [ 'child_process', null ]
9 verbose cache add name=undefined spec="child_process" args=["child_process",null]
10 verbose parsed url { protocol: null,
10 verbose parsed url   slashes: null,
10 verbose parsed url   auth: null,
10 verbose parsed url   host: null,
10 verbose parsed url   port: null,
10 verbose parsed url   hostname: null,
10 verbose parsed url   hash: null,
10 verbose parsed url   search: null,
10 verbose parsed url   query: null,
10 verbose parsed url   pathname: 'child_process',
10 verbose parsed url   path: 'child_process',
10 verbose parsed url   href: 'child_process' }
11 silly lockFile 4845fa97-child-process child_process
12 verbose lock child_process /Users/Tommy/.npm/4845fa97-child-process.lock
13 silly lockFile 4845fa97-child-process child_process
14 silly lockFile 4845fa97-child-process child_process
15 verbose addNamed [ 'child_process', '' ]
16 verbose addNamed [ null, '*' ]
17 silly lockFile 512a7ef6-child-process child_process@
18 verbose lock child_process@ /Users/Tommy/.npm/512a7ef6-child-process.lock
19 silly addNameRange { name: 'child_process', range: '*', hasData: false }
20 verbose request where is /child_process
21 verbose request registry https://registry.npmjs.org/
22 verbose request id 3641dc9956bd3137
23 verbose url raw /child_process
24 verbose url resolving [ 'https://registry.npmjs.org/', './child_process' ]
25 verbose url resolved https://registry.npmjs.org/child_process
26 verbose request where is https://registry.npmjs.org/child_process
27 info trying registry request attempt 1 at 14:37:52
28 http GET https://registry.npmjs.org/child_process
29 http 404 https://registry.npmjs.org/child_process
30 verbose headers { date: 'Mon, 13 Apr 2015 21:37:51 GMT',
30 verbose headers   server: 'CouchDB/1.5.0 (Erlang OTP/R16B03)',
30 verbose headers   'content-type': 'application/json',
30 verbose headers   'cache-control': 'max-age=0',
30 verbose headers   'content-length': '51',
30 verbose headers   'accept-ranges': 'bytes',
30 verbose headers   via: '1.1 varnish',
30 verbose headers   age: '0',
30 verbose headers   'x-served-by': 'cache-sjc3133-SJC',
30 verbose headers   'x-cache': 'MISS',
30 verbose headers   'x-cache-hits': '0',
30 verbose headers   'x-timer': 'S1428961071.793501,VS0,VE39',
30 verbose headers   'keep-alive': 'timeout=10, max=50',
30 verbose headers   connection: 'Keep-Alive' }
31 silly registry.get cb [ 404,
31 silly registry.get   { date: 'Mon, 13 Apr 2015 21:37:51 GMT',
31 silly registry.get     server: 'CouchDB/1.5.0 (Erlang OTP/R16B03)',
31 silly registry.get     'content-type': 'application/json',
31 silly registry.get     'cache-control': 'max-age=0',
31 silly registry.get     'content-length': '51',
31 silly registry.get     'accept-ranges': 'bytes',
31 silly registry.get     via: '1.1 varnish',
31 silly registry.get     age: '0',
31 silly registry.get     'x-served-by': 'cache-sjc3133-SJC',
31 silly registry.get     'x-cache': 'MISS',
31 silly registry.get     'x-cache-hits': '0',
31 silly registry.get     'x-timer': 'S1428961071.793501,VS0,VE39',
31 silly registry.get     'keep-alive': 'timeout=10, max=50',
31 silly registry.get     connection: 'Keep-Alive' } ]
32 silly lockFile 512a7ef6-child-process child_process@
33 silly lockFile 512a7ef6-child-process child_process@
34 error 404 404 Not Found: child_process
34 error 404
34 error 404 'child_process' is not in the npm registry.
34 error 404 You should bug the author to publish it
34 error 404
34 error 404 Note that you can also install from a
34 error 404 tarball, folder, or http url, or git url.
35 error System Darwin 14.3.0
36 error command "node" "/usr/local/bin/npm" "install" "child_process" "--save"
37 error cwd /Users/Tommy/Dropbox/School/Spring '15/CST 205/Project 3
38 error node -v v0.10.35
39 error npm -v 1.4.28
40 error code E404
41 verbose exit [ 1, true ]
